Wed Feb 15 14:03:08 2023: build-wrapper, version 6.40 (linux-x86)
Wed Feb 15 14:03:08 2023: System name: Linux Nodename: bogon Release: 3.10.0-1160.71.1.el7.x86_64 Version: #1 SMP Tue Jun 28 15:37:28 UTC 2022 Machine: x86_64
Wed Feb 15 14:03:08 2023: socket path: /tmp/build-wrapper-socket.IOasii
Wed Feb 15 14:03:08 2023: dynamic library found: /home/sonarqube/build-wrapper-linux-x86/libinterceptor-i686.so
Wed Feb 15 14:03:08 2023: dynamic library found: /home/sonarqube/build-wrapper-linux-x86/libinterceptor-x86_64.so
Wed Feb 15 14:03:08 2023: dynamic library found: /home/sonarqube/build-wrapper-linux-x86/libinterceptor-haswell.so
Wed Feb 15 14:03:08 2023: cwd: </home/sonarqube/c-project-template>
Wed Feb 15 14:03:08 2023: command executed as: <build-wrapper-linux-x86-64 --out-dir bw-output>
Wed Feb 15 14:03:08 2023: out-dir absolute path: </home/sonarqube/c-project-template/bw-output>
Wed Feb 15 14:03:08 2023: command line received: <gcc -o bin/binary lib/main.o lib/messages.o lib/args.o -g3 -DDEBUG=1 -O3 -std=gnu99 -fstack-protector-all -Wstack-protector -Wall -Wextra -pedantic>
Wed Feb 15 14:03:08 2023: env 0: <XDG_SESSION_ID=1972>
Wed Feb 15 14:03:08 2023: env 1: <HOSTNAME=bogon>
Wed Feb 15 14:03:08 2023: env 2: <TERM=xterm>
Wed Feb 15 14:03:08 2023: env 3: <SHELL=/bin/bash>
Wed Feb 15 14:03:08 2023: env 4: <HISTSIZE=1000>
Wed Feb 15 14:03:08 2023: env 5: <MAKEFLAGS=>
Wed Feb 15 14:03:08 2023: env 6: <SSH_CLIENT=10.100.100.33 54912 22>
Wed Feb 15 14:03:08 2023: env 7: <SSH_TTY=/dev/pts/6>
Wed Feb 15 14:03:08 2023: env 8: <http_proxy=http://10.100.100.33:7890>
Wed Feb 15 14:03:08 2023: env 9: <USER=sonarqube>
Wed Feb 15 14:03:08 2023: env 10: <LS_COLORS=rs=0:di=01;34:ln=01;36:mh=00:pi=40;33:so=01;35:do=01;35:bd=40;33;01:cd=40;33;01:or=40;31;01:mi=01;05;37;41:su=37;41:sg=30;43:ca=30;41:tw=30;42:ow=34;42:st=37;44:ex=01;32:*.tar=01;31:*.tgz=01;31:*.arc=01;31:*.arj=01;31:*.taz=01;31:*.lha=01;31:*.lz4=01;31:*.lzh=01;31:*.lzma=01;31:*.tlz=01;31:*.txz=01;31:*.tzo=01;31:*.t7z=01;31:*.zip=01;31:*.z=01;31:*.Z=01;31:*.dz=01;31:*.gz=01;31:*.lrz=01;31:*.lz=01;31:*.lzo=01;31:*.xz=01;31:*.bz2=01;31:*.bz=01;31:*.tbz=01;31:*.tbz2=01;31:*.tz=01;31:*.deb=01;31:*.rpm=01;31:*.jar=01;31:*.war=01;31:*.ear=01;31:*.sar=01;31:*.rar=01;31:*.alz=01;31:*.ace=01;31:*.zoo=01;31:*.cpio=01;31:*.7z=01;31:*.rz=01;31:*.cab=01;31:*.jpg=01;35:*.jpeg=01;35:*.gif=01;35:*.bmp=01;35:*.pbm=01;35:*.pgm=01;35:*.ppm=01;35:*.tga=01;35:*.xbm=01;35:*.xpm=01;35:*.tif=01;35:*.tiff=01;35:*.png=01;35:*.svg=01;35:*.svgz=01;35:*.mng=01;35:*.pcx=01;35:*.mov=01;35:*.mpg=01;35:*.mpeg=01;35:*.m2v=01;35:*.mkv=01;35:*.webm=01;35:*.ogm=01;35:*.mp4=01;35:*.m4v=01;35:*.mp4v=01;35:*.vob=01;35:*.qt=01;35:*.nuv=01;35:*.wmv=01;35:*.asf=01;35:*.rm=01;35:*.rmvb=01;35:*.flc=01;35:*.avi=01;35:*.fli=01;35:*.flv=01;35:*.gl=01;35:*.dl=01;35:*.xcf=01;35:*.xwd=01;35:*.yuv=01;35:*.cgm=01;35:*.emf=01;35:*.axv=01;35:*.anx=01;35:*.ogv=01;35:*.ogx=01;35:*.aac=01;36:*.au=01;36:*.flac=01;36:*.mid=01;36:*.midi=01;36:*.mka=01;36:*.mp3=01;36:*.mpc=01;36:*.ogg=01;36:*.ra=01;36:*.wav=01;36:*.axa=01;36:*.oga=01;36:*.spx=01;36:*.xspf=01;36:>
Wed Feb 15 14:03:08 2023: env 11: <MAKELEVEL=1>
Wed Feb 15 14:03:08 2023: env 12: <MFLAGS=>
Wed Feb 15 14:03:08 2023: env 13: <all_proxy=socks5://10.100.100.33:7890>
Wed Feb 15 14:03:08 2023: env 14: <MAIL=/var/spool/mail/root>
Wed Feb 15 14:03:08 2023: env 15: <PATH=/usr/local/sbin:/usr/local/bin:/usr/sbin:/usr/bin:/usr/local/go/bin:/usr/local/node/node/bin:/root/bin:/home/sonarqube/.local/bin:/home/sonarqube/bin:/home/sonarqube/build-wrapper-linux-x86:/home/sonarqube/sonar-scanner-4.8.0.2856-linux/bin>
Wed Feb 15 14:03:08 2023: env 16: <_=/home/sonarqube/build-wrapper-linux-x86/build-wrapper-linux-x86-64>
Wed Feb 15 14:03:08 2023: env 17: <PWD=/home/sonarqube/c-project-template>
Wed Feb 15 14:03:08 2023: env 18: <LANG=en_US.UTF-8>
Wed Feb 15 14:03:08 2023: env 19: <https_proxy=http://10.100.100.33:7890>
Wed Feb 15 14:03:08 2023: env 20: <HISTCONTROL=ignoredups>
Wed Feb 15 14:03:08 2023: env 21: <SHLVL=6>
Wed Feb 15 14:03:08 2023: env 22: <HOME=/root>
Wed Feb 15 14:03:08 2023: env 23: <LOGNAME=sonarqube>
Wed Feb 15 14:03:08 2023: env 24: <SSH_CONNECTION=10.100.100.33 54912 10.10.10.52 22>
Wed Feb 15 14:03:08 2023: env 25: <LESSOPEN=||/usr/bin/lesspipe.sh %s>
Wed Feb 15 14:03:08 2023: env 26: <XDG_RUNTIME_DIR=/run/user/0>
Wed Feb 15 14:03:08 2023: executing: <gcc -o bin/binary lib/main.o lib/messages.o lib/args.o -g3 -DDEBUG=1 -O3 -std=gnu99 -fstack-protector-all -Wstack-protector -Wall -Wextra -pedantic>
Wed Feb 15 14:03:08 2023: initializing json file
Wed Feb 15 14:03:08 2023: process created with pid: 13008
Wed Feb 15 14:03:08 2023: parent pid: 13007
Wed Feb 15 14:03:08 2023: working directory: </home/sonarqube/c-project-template>
Wed Feb 15 14:03:08 2023: executable: </home/sonarqube/build-wrapper-linux-x86/build-wrapper-linux-x86-64>
Wed Feb 15 14:03:08 2023: argv[0]: <build-wrapper-linux-x86-64>
Wed Feb 15 14:03:08 2023: argv[1]: <-c>
Wed Feb 15 14:03:08 2023: argv[2]: <>
Wed Feb 15 14:03:08 2023: argv[3]: <gcc>
Wed Feb 15 14:03:08 2023: argv[4]: <-o>
Wed Feb 15 14:03:08 2023: argv[5]: <bin/binary>
Wed Feb 15 14:03:08 2023: argv[6]: <lib/main.o>
Wed Feb 15 14:03:08 2023: argv[7]: <lib/messages.o>
Wed Feb 15 14:03:08 2023: argv[8]: <lib/args.o>
Wed Feb 15 14:03:08 2023: argv[9]: <-g3>
Wed Feb 15 14:03:08 2023: argv[10]: <-DDEBUG=1>
Wed Feb 15 14:03:08 2023: argv[11]: <-O3>
Wed Feb 15 14:03:08 2023: argv[12]: <-std=gnu99>
Wed Feb 15 14:03:08 2023: argv[13]: <-fstack-protector-all>
Wed Feb 15 14:03:08 2023: argv[14]: <-Wstack-protector>
Wed Feb 15 14:03:08 2023: argv[15]: <-Wall>
Wed Feb 15 14:03:08 2023: argv[16]: <-Wextra>
Wed Feb 15 14:03:08 2023: argv[17]: <-pedantic>
Wed Feb 15 14:03:08 2023: skipping process with pid: 13008
Wed Feb 15 14:03:08 2023: process created with pid: 13009
Wed Feb 15 14:03:08 2023: parent pid: 13008
Wed Feb 15 14:03:08 2023: working directory: </home/sonarqube/c-project-template>
Wed Feb 15 14:03:08 2023: executable: </opt/rh/devtoolset-7/root/usr/bin/gcc>
Wed Feb 15 14:03:08 2023: argv[0]: <gcc>
Wed Feb 15 14:03:08 2023: argv[1]: <-o>
Wed Feb 15 14:03:08 2023: argv[2]: <bin/binary>
Wed Feb 15 14:03:08 2023: argv[3]: <lib/main.o>
Wed Feb 15 14:03:08 2023: argv[4]: <lib/messages.o>
Wed Feb 15 14:03:08 2023: argv[5]: <lib/args.o>
Wed Feb 15 14:03:08 2023: argv[6]: <-g3>
Wed Feb 15 14:03:08 2023: argv[7]: <-DDEBUG=1>
Wed Feb 15 14:03:08 2023: argv[8]: <-O3>
Wed Feb 15 14:03:08 2023: argv[9]: <-std=gnu99>
Wed Feb 15 14:03:08 2023: argv[10]: <-fstack-protector-all>
Wed Feb 15 14:03:08 2023: argv[11]: <-Wstack-protector>
Wed Feb 15 14:03:08 2023: argv[12]: <-Wall>
Wed Feb 15 14:03:08 2023: argv[13]: <-Wextra>
Wed Feb 15 14:03:08 2023: argv[14]: <-pedantic>
Wed Feb 15 14:03:08 2023: envp[0]: <SQ_WRAPPER_SOCKET=/tmp/build-wrapper-socket.IOasii>
Wed Feb 15 14:03:08 2023: envp[1]: <SQ_WRAPPER_LIBRARY=/home/sonarqube/build-wrapper-linux-x86/libinterceptor-${PLATFORM}.so>
Wed Feb 15 14:03:08 2023: envp[2]: <XDG_SESSION_ID=1972>
Wed Feb 15 14:03:08 2023: envp[3]: <HOSTNAME=bogon>
Wed Feb 15 14:03:08 2023: envp[4]: <TERM=xterm>
Wed Feb 15 14:03:08 2023: envp[5]: <SHELL=/bin/bash>
Wed Feb 15 14:03:08 2023: envp[6]: <HISTSIZE=1000>
Wed Feb 15 14:03:08 2023: envp[7]: <MAKEFLAGS=>
Wed Feb 15 14:03:08 2023: envp[8]: <SSH_CLIENT=10.100.100.33 54912 22>
Wed Feb 15 14:03:08 2023: envp[9]: <SSH_TTY=/dev/pts/6>
Wed Feb 15 14:03:08 2023: envp[10]: <http_proxy=http://10.100.100.33:7890>
Wed Feb 15 14:03:08 2023: envp[11]: <USER=sonarqube>
Wed Feb 15 14:03:08 2023: envp[12]: <LS_COLORS=rs=0:di=01;34:ln=01;36:mh=00:pi=40;33:so=01;35:do=01;35:bd=40;33;01:cd=40;33;01:or=40;31;01:mi=01;05;37;41:su=37;41:sg=30;43:ca=30;41:tw=30;42:ow=34;42:st=37;44:ex=01;32:*.tar=01;31:*.tgz=01;31:*.arc=01;31:*.arj=01;31:*.taz=01;31:*.lha=01;31:*.lz4=01;31:*.lzh=01;31:*.lzma=01;31:*.tlz=01;31:*.txz=01;31:*.tzo=01;31:*.t7z=01;31:*.zip=01;31:*.z=01;31:*.Z=01;31:*.dz=01;31:*.gz=01;31:*.lrz=01;31:*.lz=01;31:*.lzo=01;31:*.xz=01;31:*.bz2=01;31:*.bz=01;31:*.tbz=01;31:*.tbz2=01;31:*.tz=01;31:*.deb=01;31:*.rpm=01;31:*.jar=01;31:*.war=01;31:*.ear=01;31:*.sar=01;31:*.rar=01;31:*.alz=01;31:*.ace=01;31:*.zoo=01;31:*.cpio=01;31:*.7z=01;31:*.rz=01;31:*.cab=01;31:*.jpg=01;35:*.jpeg=01;35:*.gif=01;35:*.bmp=01;35:*.pbm=01;35:*.pgm=01;35:*.ppm=01;35:*.tga=01;35:*.xbm=01;35:*.xpm=01;35:*.tif=01;35:*.tiff=01;35:*.png=01;35:*.svg=01;35:*.svgz=01;35:*.mng=01;35:*.pcx=01;35:*.mov=01;35:*.mpg=01;35:*.mpeg=01;35:*.m2v=01;35:*.mkv=01;35:*.webm=01;35:*.ogm=01;35:*.mp4=01;35:*.m4v=01;35:*.mp4v=01;35:*.vob=01;35:*.qt=01;35:*.nuv=01;35:*.wmv=01;35:*.asf=01;35:*.rm=01;35:*.rmvb=01;35:*.flc=01;35:*.avi=01;35:*.fli=01;35:*.flv=01;35:*.gl=01;35:*.dl=01;35:*.xcf=01;35:*.xwd=01;35:*.yuv=01;35:*.cgm=01;35:*.emf=01;35:*.axv=01;35:*.anx=01;35:*.ogv=01;35:*.ogx=01;35:*.aac=01;36:*.au=01;36:*.flac=01;36:*.mid=01;36:*.midi=01;36:*.mka=01;36:*.mp3=01;36:*.mpc=01;36:*.ogg=01;36:*.ra=01;36:*.wav=01;36:*.axa=01;36:*.oga=01;36:*.spx=01;36:*.xspf=01;36:>
Wed Feb 15 14:03:08 2023: envp[13]: <MAKELEVEL=1>
Wed Feb 15 14:03:08 2023: envp[14]: <MFLAGS=>
Wed Feb 15 14:03:08 2023: envp[15]: <all_proxy=socks5://10.100.100.33:7890>
Wed Feb 15 14:03:08 2023: envp[16]: <MAIL=/var/spool/mail/root>
Wed Feb 15 14:03:08 2023: envp[17]: <PATH=/usr/local/sbin:/usr/local/bin:/usr/sbin:/usr/bin:/usr/local/go/bin:/usr/local/node/node/bin:/root/bin:/home/sonarqube/.local/bin:/home/sonarqube/bin:/home/sonarqube/build-wrapper-linux-x86:/home/sonarqube/sonar-scanner-4.8.0.2856-linux/bin>
Wed Feb 15 14:03:08 2023: envp[18]: <_=/home/sonarqube/build-wrapper-linux-x86/build-wrapper-linux-x86-64>
Wed Feb 15 14:03:08 2023: envp[19]: <PWD=/home/sonarqube/c-project-template>
Wed Feb 15 14:03:08 2023: envp[20]: <LANG=en_US.UTF-8>
Wed Feb 15 14:03:08 2023: envp[21]: <https_proxy=http://10.100.100.33:7890>
Wed Feb 15 14:03:08 2023: envp[22]: <HISTCONTROL=ignoredups>
Wed Feb 15 14:03:08 2023: envp[23]: <SHLVL=6>
Wed Feb 15 14:03:08 2023: envp[24]: <HOME=/root>
Wed Feb 15 14:03:08 2023: envp[25]: <LOGNAME=sonarqube>
Wed Feb 15 14:03:08 2023: envp[26]: <SSH_CONNECTION=10.100.100.33 54912 10.10.10.52 22>
Wed Feb 15 14:03:08 2023: envp[27]: <LESSOPEN=||/usr/bin/lesspipe.sh %s>
Wed Feb 15 14:03:08 2023: envp[28]: <XDG_RUNTIME_DIR=/run/user/0>
Wed Feb 15 14:03:08 2023: envp[29]: <LD_PRELOAD=>
Wed Feb 15 14:03:08 2023: process created with pid: 13010
Wed Feb 15 14:03:08 2023: parent pid: 13009
Wed Feb 15 14:03:08 2023: working directory: </home/sonarqube/c-project-template>
Wed Feb 15 14:03:08 2023: executable: </opt/rh/devtoolset-7/root/usr/libexec/gcc/x86_64-redhat-linux/7/collect2>
Wed Feb 15 14:03:08 2023: argv[0]: </opt/rh/devtoolset-7/root/usr/libexec/gcc/x86_64-redhat-linux/7/collect2>
Wed Feb 15 14:03:08 2023: argv[1]: <-plugin>
Wed Feb 15 14:03:08 2023: argv[2]: </opt/rh/devtoolset-7/root/usr/libexec/gcc/x86_64-redhat-linux/7/liblto_plugin.so>
Wed Feb 15 14:03:08 2023: argv[3]: <-plugin-opt=/opt/rh/devtoolset-7/root/usr/libexec/gcc/x86_64-redhat-linux/7/lto-wrapper>
Wed Feb 15 14:03:08 2023: argv[4]: <-plugin-opt=-fresolution=/tmp/ccSq3uJi.res>
Wed Feb 15 14:03:08 2023: argv[5]: <-plugin-opt=-pass-through=-lgcc>
Wed Feb 15 14:03:08 2023: argv[6]: <-plugin-opt=-pass-through=-lgcc_s>
Wed Feb 15 14:03:08 2023: argv[7]: <-plugin-opt=-pass-through=-lc>
Wed Feb 15 14:03:08 2023: argv[8]: <-plugin-opt=-pass-through=-lgcc>
Wed Feb 15 14:03:08 2023: argv[9]: <-plugin-opt=-pass-through=-lgcc_s>
Wed Feb 15 14:03:08 2023: argv[10]: <--build-id>
Wed Feb 15 14:03:08 2023: argv[11]: <--no-add-needed>
Wed Feb 15 14:03:08 2023: argv[12]: <--eh-frame-hdr>
Wed Feb 15 14:03:08 2023: argv[13]: <--hash-style=gnu>
Wed Feb 15 14:03:08 2023: argv[14]: <-m>
Wed Feb 15 14:03:08 2023: argv[15]: <elf_x86_64>
Wed Feb 15 14:03:08 2023: argv[16]: <-dynamic-linker>
Wed Feb 15 14:03:08 2023: argv[17]: </lib64/ld-linux-x86-64.so.2>
Wed Feb 15 14:03:08 2023: argv[18]: <-o>
Wed Feb 15 14:03:08 2023: argv[19]: <bin/binary>
Wed Feb 15 14:03:08 2023: argv[20]: </lib/../lib64/crt1.o>
Wed Feb 15 14:03:08 2023: argv[21]: </lib/../lib64/crti.o>
Wed Feb 15 14:03:08 2023: argv[22]: </opt/rh/devtoolset-7/root/usr/lib/gcc/x86_64-redhat-linux/7/crtbegin.o>
Wed Feb 15 14:03:08 2023: argv[23]: <-L/opt/rh/devtoolset-7/root/usr/lib/gcc/x86_64-redhat-linux/7>
Wed Feb 15 14:03:08 2023: argv[24]: <-L/opt/rh/devtoolset-7/root/usr/lib/gcc/x86_64-redhat-linux/7/../../../../lib64>
Wed Feb 15 14:03:08 2023: argv[25]: <-L/lib/../lib64>
Wed Feb 15 14:03:08 2023: argv[26]: <-L/usr/lib/../lib64>
Wed Feb 15 14:03:08 2023: argv[27]: <-L/opt/rh/devtoolset-7/root/usr/lib/gcc/x86_64-redhat-linux/7/../../..>
Wed Feb 15 14:03:08 2023: argv[28]: <lib/main.o>
Wed Feb 15 14:03:08 2023: argv[29]: <lib/messages.o>
Wed Feb 15 14:03:08 2023: argv[30]: <lib/args.o>
Wed Feb 15 14:03:08 2023: argv[31]: <-lgcc>
Wed Feb 15 14:03:08 2023: argv[32]: <--as-needed>
Wed Feb 15 14:03:08 2023: argv[33]: <-lgcc_s>
Wed Feb 15 14:03:08 2023: argv[34]: <--no-as-needed>
Wed Feb 15 14:03:08 2023: argv[35]: <-lc>
Wed Feb 15 14:03:08 2023: argv[36]: <-lgcc>
Wed Feb 15 14:03:08 2023: argv[37]: <--as-needed>
Wed Feb 15 14:03:08 2023: argv[38]: <-lgcc_s>
Wed Feb 15 14:03:08 2023: argv[39]: <--no-as-needed>
Wed Feb 15 14:03:08 2023: argv[40]: </opt/rh/devtoolset-7/root/usr/lib/gcc/x86_64-redhat-linux/7/crtend.o>
Wed Feb 15 14:03:08 2023: argv[41]: </lib/../lib64/crtn.o>
Wed Feb 15 14:03:08 2023: skipping process with pid: 13010
Wed Feb 15 14:03:08 2023: process created with pid: 13011
Wed Feb 15 14:03:08 2023: parent pid: 13010
Wed Feb 15 14:03:08 2023: working directory: </home/sonarqube/c-project-template>
Wed Feb 15 14:03:08 2023: executable: </opt/rh/devtoolset-7/root/usr/bin/ld.bfd>
Wed Feb 15 14:03:08 2023: argv[0]: </opt/rh/devtoolset-7/root/usr/libexec/gcc/x86_64-redhat-linux/7/ld>
Wed Feb 15 14:03:08 2023: argv[1]: <-plugin>
Wed Feb 15 14:03:08 2023: argv[2]: </opt/rh/devtoolset-7/root/usr/libexec/gcc/x86_64-redhat-linux/7/liblto_plugin.so>
Wed Feb 15 14:03:08 2023: argv[3]: <-plugin-opt=/opt/rh/devtoolset-7/root/usr/libexec/gcc/x86_64-redhat-linux/7/lto-wrapper>
Wed Feb 15 14:03:08 2023: argv[4]: <-plugin-opt=-fresolution=/tmp/ccSq3uJi.res>
Wed Feb 15 14:03:08 2023: argv[5]: <-plugin-opt=-pass-through=-lgcc>
Wed Feb 15 14:03:08 2023: argv[6]: <-plugin-opt=-pass-through=-lgcc_s>
Wed Feb 15 14:03:08 2023: argv[7]: <-plugin-opt=-pass-through=-lc>
Wed Feb 15 14:03:08 2023: argv[8]: <-plugin-opt=-pass-through=-lgcc>
Wed Feb 15 14:03:08 2023: argv[9]: <-plugin-opt=-pass-through=-lgcc_s>
Wed Feb 15 14:03:08 2023: argv[10]: <--build-id>
Wed Feb 15 14:03:08 2023: argv[11]: <--no-add-needed>
Wed Feb 15 14:03:08 2023: argv[12]: <--eh-frame-hdr>
Wed Feb 15 14:03:08 2023: argv[13]: <--hash-style=gnu>
Wed Feb 15 14:03:08 2023: argv[14]: <-m>
Wed Feb 15 14:03:08 2023: argv[15]: <elf_x86_64>
Wed Feb 15 14:03:08 2023: argv[16]: <-dynamic-linker>
Wed Feb 15 14:03:08 2023: argv[17]: </lib64/ld-linux-x86-64.so.2>
Wed Feb 15 14:03:08 2023: argv[18]: <-o>
Wed Feb 15 14:03:08 2023: argv[19]: <bin/binary>
Wed Feb 15 14:03:08 2023: argv[20]: </lib/../lib64/crt1.o>
Wed Feb 15 14:03:08 2023: argv[21]: </lib/../lib64/crti.o>
Wed Feb 15 14:03:08 2023: argv[22]: </opt/rh/devtoolset-7/root/usr/lib/gcc/x86_64-redhat-linux/7/crtbegin.o>
Wed Feb 15 14:03:08 2023: argv[23]: <-L/opt/rh/devtoolset-7/root/usr/lib/gcc/x86_64-redhat-linux/7>
Wed Feb 15 14:03:08 2023: argv[24]: <-L/opt/rh/devtoolset-7/root/usr/lib/gcc/x86_64-redhat-linux/7/../../../../lib64>
Wed Feb 15 14:03:08 2023: argv[25]: <-L/lib/../lib64>
Wed Feb 15 14:03:08 2023: argv[26]: <-L/usr/lib/../lib64>
Wed Feb 15 14:03:08 2023: argv[27]: <-L/opt/rh/devtoolset-7/root/usr/lib/gcc/x86_64-redhat-linux/7/../../..>
Wed Feb 15 14:03:08 2023: argv[28]: <lib/main.o>
Wed Feb 15 14:03:08 2023: argv[29]: <lib/messages.o>
Wed Feb 15 14:03:08 2023: argv[30]: <lib/args.o>
Wed Feb 15 14:03:08 2023: argv[31]: <-lgcc>
Wed Feb 15 14:03:08 2023: argv[32]: <--as-needed>
Wed Feb 15 14:03:08 2023: argv[33]: <-lgcc_s>
Wed Feb 15 14:03:08 2023: argv[34]: <--no-as-needed>
Wed Feb 15 14:03:08 2023: argv[35]: <-lc>
Wed Feb 15 14:03:08 2023: argv[36]: <-lgcc>
Wed Feb 15 14:03:08 2023: argv[37]: <--as-needed>
Wed Feb 15 14:03:08 2023: argv[38]: <-lgcc_s>
Wed Feb 15 14:03:08 2023: argv[39]: <--no-as-needed>
Wed Feb 15 14:03:08 2023: argv[40]: </opt/rh/devtoolset-7/root/usr/lib/gcc/x86_64-redhat-linux/7/crtend.o>
Wed Feb 15 14:03:08 2023: argv[41]: </lib/../lib64/crtn.o>
Wed Feb 15 14:03:08 2023: skipping process with pid: 13011
Wed Feb 15 14:03:08 2023: finalizing json file
Wed Feb 15 14:03:08 2023: returned with code: 0
